[2024-05-15 22:41:41] [ WARN ] [BD:35] Unknown data type: "NUMERO_MATRICULA"; SQL statement:
CREATE TABLE ODONTOLOGO (ID NUMERO_MATRICULA INT PRIMARY KEY, NOMBRE VARCHAR(100) NOT NULL, APELLIDO VARCHAR(100) NOT NULL) [50004-224]
[2024-05-15 22:41:41] [ INFO ] [PacienteDAOH2:19] inicando la operacion de guardado
[2024-05-15 22:41:41] [ WARN ] [PacienteDAOH2:34] Table "ODONTOLOGO" not found; SQL statement:
INSERT INTO ODONTOLOGO (NUMERO_MATRICULA, NOMBRE, APELLIDO) VALUES (?, ?, ?) [42102-224]
[2024-05-15 22:41:41] [ INFO ] [PacienteDAOH2:19] inicando la operacion de guardado
[2024-05-15 22:41:41] [ WARN ] [PacienteDAOH2:34] Table "ODONTOLOGO" not found; SQL statement:
INSERT INTO ODONTOLOGO (NUMERO_MATRICULA, NOMBRE, APELLIDO) VALUES (?, ?, ?) [42102-224]
[2024-05-15 22:41:41] [ WARN ] [PacienteDAOH2:73] Table "ODONTOLOGO" not found; SQL statement:
SELECT * FROM ODONTOLOGO [42102-224]
[2024-05-15 22:43:38] [ WARN ] [BD:35] Unknown data type: "NUMERO_MATRICULA"; SQL statement:
CREATE TABLE ODONTOLOGO (ID NUMERO_MATRICULA INT PRIMARY KEY, NOMBRE VARCHAR(100) NOT NULL, APELLIDO VARCHAR(100) NOT NULL) [50004-224]
[2024-05-15 22:43:38] [ INFO ] [PacienteDAOH2:19] inicando la operacion de guardado
[2024-05-15 22:43:38] [ WARN ] [PacienteDAOH2:34] Table "ODONTOLOGO" not found; SQL statement:
INSERT INTO ODONTOLOGO (NUMERO_MATRICULA, NOMBRE, APELLIDO) VALUES (?, ?, ?) [42102-224]
[2024-05-15 22:43:38] [ INFO ] [PacienteDAOH2:19] inicando la operacion de guardado
[2024-05-15 22:43:38] [ WARN ] [PacienteDAOH2:34] Table "ODONTOLOGO" not found; SQL statement:
INSERT INTO ODONTOLOGO (NUMERO_MATRICULA, NOMBRE, APELLIDO) VALUES (?, ?, ?) [42102-224]
[2024-05-15 22:43:38] [ WARN ] [PacienteDAOH2:73] Table "ODONTOLOGO" not found; SQL statement:
SELECT * FROM ODONTOLOGO [42102-224]
[2024-05-15 22:50:52] [ WARN ] [BD:35] Syntax error in SQL statement "CREATE TABLE ODONTOLOGO (ID INT [*]NUMERO_MATRICULA PRIMARY KEY, NOMBRE VARCHAR(100) NOT NULL, APELLIDO VARCHAR(100) NOT NULL)"; expected "ARRAY, INVISIBLE, VISIBLE, NOT NULL, DEFAULT, GENERATED, ON UPDATE, NOT NULL, DEFAULT ON NULL, SEQUENCE, SELECTIVITY, COMMENT, CONSTRAINT, COMMENT, PRIMARY KEY, UNIQUE, NOT NULL, CHECK, REFERENCES, ,, )"; SQL statement:
CREATE TABLE ODONTOLOGO (ID INT NUMERO_MATRICULA PRIMARY KEY, NOMBRE VARCHAR(100) NOT NULL, APELLIDO VARCHAR(100) NOT NULL) [42001-224]
[2024-05-15 22:50:52] [ INFO ] [PacienteDAOH2:19] inicando la operacion de guardado
[2024-05-15 22:50:52] [ WARN ] [PacienteDAOH2:34] Table "ODONTOLOGO" not found; SQL statement:
INSERT INTO ODONTOLOGO (NUMERO_MATRICULA, NOMBRE, APELLIDO) VALUES (?, ?, ?) [42102-224]
[2024-05-15 22:50:52] [ INFO ] [PacienteDAOH2:19] inicando la operacion de guardado
[2024-05-15 22:50:52] [ WARN ] [PacienteDAOH2:34] Table "ODONTOLOGO" not found; SQL statement:
INSERT INTO ODONTOLOGO (NUMERO_MATRICULA, NOMBRE, APELLIDO) VALUES (?, ?, ?) [42102-224]
[2024-05-15 22:50:52] [ WARN ] [PacienteDAOH2:73] Table "ODONTOLOGO" not found; SQL statement:
SELECT * FROM ODONTOLOGO [42102-224]
[2024-05-15 22:54:20] [ INFO ] [BD:32] tabla creada con exito
[2024-05-15 22:54:20] [ INFO ] [PacienteDAOH2:19] inicando la operacion de guardado
[2024-05-15 22:54:20] [ INFO ] [PacienteDAOH2:32] Se ha guardado el odontologo
[2024-05-15 22:54:20] [ INFO ] [PacienteDAOH2:19] inicando la operacion de guardado
[2024-05-15 22:54:20] [ INFO ] [PacienteDAOH2:32] Se ha guardado el odontologo
[2024-05-15 22:54:20] [ INFO ] [PacienteDAOH2:71] Se han cargado los odontologos
